<?xml version="1.0" encoding="UTF-8"?>
<testsuite xmlns:xsi="http://www.w3.org/2001/XMLSchema-instance" xsi:noNamespaceSchemaLocation="https://maven.apache.org/surefire/maven-surefire-plugin/xsd/surefire-test-report-3.0.xsd" version="3.0" name="com.example.AssertionsTest" time="0.165" tests="1" errors="0" skipped="0" failures="0">
  <properties>
    <property name="java.specification.version" value="23"/>
    <property name="sun.cpu.isalist" value="amd64"/>
    <property name="sun.jnu.encoding" value="Cp1252"/>
    <property name="java.class.path" value="C:\Users\NILESH\OneDrive\Desktop\Code\Java-FSE\Week02\JUnit_Basic_Testing\target\test-classes;C:\Users\NILESH\OneDrive\Desktop\Code\Java-FSE\Week02\JUnit_Basic_Testing\target\classes;C:\Users\NILESH\.m2\repository\junit\junit\4.13.2\junit-4.13.2.jar;C:\Users\NILESH\.m2\repository\org\hamcrest\hamcrest-core\1.3\hamcrest-core-1.3.jar;"/>
    <property name="java.vm.vendor" value="Oracle Corporation"/>
    <property name="sun.arch.data.model" value="64"/>
    <property name="user.variant" value=""/>
    <property name="java.vendor.url" value="https://java.oracle.com/"/>
    <property name="user.timezone" value="Asia/Calcutta"/>
    <property name="os.name" value="Windows 11"/>
    <property name="java.vm.specification.version" value="23"/>
    <property name="sun.java.launcher" value="SUN_STANDARD"/>
    <property name="user.country" value="IN"/>
    <property name="sun.boot.library.path" value="C:\Users\NILESH\.jdks\openjdk-23\bin"/>
    <property name="sun.java.command" value="C:\Users\NILESH\AppData\Local\Temp\surefire7931778807811348341\surefirebooter-20250628203747750_3.jar C:\Users\NILESH\AppData\Local\Temp\surefire7931778807811348341 2025-06-28T20-37-47_510-jvmRun1 surefire-20250628203747750_1tmp surefire_0-20250628203747750_2tmp"/>
    <property name="jdk.debug" value="release"/>
    <property name="surefire.test.class.path" value="C:\Users\NILESH\OneDrive\Desktop\Code\Java-FSE\Week02\JUnit_Basic_Testing\target\test-classes;C:\Users\NILESH\OneDrive\Desktop\Code\Java-FSE\Week02\JUnit_Basic_Testing\target\classes;C:\Users\NILESH\.m2\repository\junit\junit\4.13.2\junit-4.13.2.jar;C:\Users\NILESH\.m2\repository\org\hamcrest\hamcrest-core\1.3\hamcrest-core-1.3.jar;"/>
    <property name="sun.cpu.endian" value="little"/>
    <property name="user.home" value="C:\Users\NILESH"/>
    <property name="user.language" value="en"/>
    <property name="java.specification.vendor" value="Oracle Corporation"/>
    <property name="java.version.date" value="2024-09-17"/>
    <property name="java.home" value="C:\Users\NILESH\.jdks\openjdk-23"/>
    <property name="file.separator" value="\"/>
    <property name="basedir" value="C:\Users\NILESH\OneDrive\Desktop\Code\Java-FSE\Week02\JUnit_Basic_Testing"/>
    <property name="java.vm.compressedOopsMode" value="Zero based"/>
    <property name="line.separator" value="&#10;"/>
    <property name="java.vm.specification.vendor" value="Oracle Corporation"/>
    <property name="java.specification.name" value="Java Platform API Specification"/>
    <property name="surefire.real.class.path" value="C:\Users\NILESH\AppData\Local\Temp\surefire7931778807811348341\surefirebooter-20250628203747750_3.jar"/>
    <property name="user.script" value=""/>
    <property name="sun.management.compiler" value="HotSpot 64-Bit Tiered Compilers"/>
    <property name="java.runtime.version" value="23+37-2369"/>
    <property name="user.name" value="NILESH"/>
    <property name="stdout.encoding" value="Cp1252"/>
    <property name="path.separator" value=";"/>
    <property name="os.version" value="10.0"/>
    <property name="java.runtime.name" value="OpenJDK Runtime Environment"/>
    <property name="file.encoding" value="UTF-8"/>
    <property name="java.vm.name" value="OpenJDK 64-Bit Server VM"/>
    <property name="localRepository" value="C:\Users\NILESH\.m2\repository"/>
    <property name="java.vendor.url.bug" value="https://bugreport.java.com/bugreport/"/>
    <property name="java.io.tmpdir" value="C:\Users\NILESH\AppData\Local\Temp\"/>
    <property name="idea.version" value="2024.2.1"/>
    <property name="java.version" value="23"/>
    <property name="user.dir" value="C:\Users\NILESH\OneDrive\Desktop\Code\Java-FSE\Week02\JUnit_Basic_Testing"/>
    <property name="os.arch" value="amd64"/>
    <property name="java.vm.specification.name" value="Java Virtual Machine Specification"/>
    <property name="sun.os.patch.level" value=""/>
    <property name="native.encoding" value="Cp1252"/>
    <property name="java.library.path" value="C:\Users\NILESH\.jdks\openjdk-23\bin;C:\WINDOWS\Sun\Java\bin;C:\WINDOWS\system32;C:\WINDOWS;C:\Program Files\Eclipse Adoptium\jdk-17.0.12.7-hotspot\bin;C:\WINDOWS\system32;C:\WINDOWS;C:\WINDOWS\System32\Wbem;C:\WINDOWS\System32\WindowsPowerShell\v1.0\;C:\WINDOWS\System32\OpenSSH\;C:\Program Files\Microsoft VS Code\bin;C:\Drivers\msys64\ucrt64\bin;C:\Drivers\mingw32\bin;C:\ProgramData\chocolatey\bin;C:\Program Files (x86)\Windows Kits\10\Windows Performance Toolkit\;C:\Program Files\Git\cmd;C:\Users\NILESH\AppData\Local\nvm;C:\nvm4w\nodejs;C:\Program Files\MongoDB\Server\8.0\bin;C:\Users\NILESH\.cargo\bin;C:\Users\NILESH\AppData\Local\Microsoft\WindowsApps;C:\Users\NILESH\AppData\Local\GitHubDesktop\bin;C:\Drivers\msys64\ucrt64\bin;C:\Program Files\Python312;C:\Program Files\Python312\Scripts;C:\Users\NILESH\AppData\Roaming\Python\Python312\Scripts;C:\Users\NILESH\AppData\Roaming\npm;C:\Program Files\JetBrains\WebStorm 2024.2.4\bin;;C:\Users\NILESH\AppData\Local\Programs\Ollama;C:\Program Files\JetBrains\RustRover 2024.3.2\bin;;C:\Users\NILESH\AppData\Local\Microsoft\WinGet\Packages\Schniz.fnm_Microsoft.Winget.Source_8wekyb3d8bbwe;C:\Users\NILESH\AppData\Local\nvm;C:\nvm4w\nodejs;C:\Program Files\MongoDB\Server\8.0\bin;;C:\Program Files\JetBrains\PyCharm 2025.1.2\bin;;."/>
    <property name="java.vm.info" value="mixed mode, sharing"/>
    <property name="stderr.encoding" value="Cp1252"/>
    <property name="java.vendor" value="Oracle Corporation"/>
    <property name="java.vm.version" value="23+37-2369"/>
    <property name="sun.io.unicode.encoding" value="UnicodeLittle"/>
    <property name="java.class.version" value="67.0"/>
  </properties>
  <testcase name="testAssertions" classname="com.example.AssertionsTest" time="0.008"/>
</testsuite>